
### HPB-EXPORT DEBUG FILE : ###
### 2019-6-14-11h-40m-18s###

BUILD MARS ATLAS LABELS
<nifti_image
  nifti_type = 'NIFTI-1+'
  header_filename = 'D:/UnityProjects/HiBoP/Assets/Data/IRM/MNI.nii'
  image_filename = 'D:/UnityProjects/HiBoP/Assets/Data/IRM/MNI.nii'
  image_offset = '352'
  ndim = '3'
  nx = '208'
  ny = '256'
  nz = '219'
  dx = '0.72'
  dy = '0.72'
  dz = '0.72'
  datatype = '2'
  datatype_name = 'UINT8'
  nvox = '11661312'
  nbyper = '1'
  byteorder = 'LSB_FIRST'
  cal_min = '40'
  cal_max = '120'
  scl_slope = '1'
  scl_inter = '0'
  descrip = 'spm - algebra'
  aux_file = 'none                   '
  sform_code = '1'
  sform_code_name = 'Scanner Anat'
  sto_xyz_matrix = '0.72 0 0 -75 0 0.72 0 -107 0 0 0.72 -69.5 0 0 0 1'
  sto_ijk matrix = '1.38889 0 0 104.167 0 1.38889 0 148.611 0 0 1.38889 96.5278 0 0 0 1'
  sform_i_orientation = 'Left-to-Right'
  sform_j_orientation = 'Posterior-to-Anterior'
  sform_k_orientation = 'Inferior-to-Superior'
  num_ext = '0'
/>
## NIFTI minimal info ##
Number of voxels: 11661312
Bytes per voxel: 1
Dimensions: 3 nx: 208 ny: 256 nz: 219 nt: 1 nu: 1 nv: 1 nw: 1
Grid spacings: dx: 0.720000 dy: 0.720000 dz: 0.720000 dt: 0.000000 du: 0.000000 dv: 0.000000 dw: 0.000000
Cal values: min: 40.000000 max: 120.000000

## Volume infos ##
Min: 0.000000 Max: 127.000000
Loaded cal values -> Min: 40.000000 Max: 120.000000
Recomputed cal values -> Min: 40.000000 Max: 120.000000

loadGiftiFile_Surface : D:/UnityProjects/HiBoP/Assets/Data/Meshes/MNI.trm
loadGiftiFile_Surface : D:/UnityProjects/HiBoP/Assets/Data/Meshes/MNI.trm
loadGiftiFile_Surface : D:/UnityProjects/HiBoP/Assets/Data/Meshes/MNI.trm
loadGiftiFile_Surface : D:/UnityProjects/HiBoP/Assets/Data/Meshes/MNI.trm
loadGiftiFile_Surface : D:/UnityProjects/HiBoP/Assets/Data/Meshes/MNI.trm
loadGiftiFile_Surface : D:/UnityProjects/HiBoP/Assets/Data/Meshes/MNI.trm
split_to_surfaces_Surface : 27845
MRIBrainGenerator::compute_surface_color_voxel_array : 0 0.015 : nb_vertices = 27845
MRIBrainGenerator::reset : 0.017
MRIBrainGenerator::updateSurfaceTextCoordWithVolume : 0
MRIBrainGenerator::compute_surface_color_voxel_array : 0 0.017 : nb_vertices = 33437
MRIBrainGenerator::reset : 0.021
MRIBrainGenerator::updateSurfaceTextCoordWithVolume : 0
MRIBrainGenerator::compute_surface_color_voxel_array : 0 0.014 : nb_vertices = 27861
MRIBrainGenerator::reset : 0.018
MRIBrainGenerator::updateSurfaceTextCoordWithVolume : 0
MRIVolumeGenerator: Size of mesh = 597811
MRIVolumeGenerator::reset : 2.04
MRIVolumeGenerator: Size of mesh = 597811
MRIVolumeGenerator::reset : 2.027
1
1
1
create_mesh_from_invisible_triangles: 138216 138216 138216
 --- create_mesh_from_invisible_triangles: 0 138216 138216 138216
create_mesh_from_invisible_triangles: 46072 46072 46072
 --- create_mesh_from_invisible_triangles: 0 46072 46072 46072
create_mesh_from_invisible_triangles: 46072 46072 46072
 --- create_mesh_from_invisible_triangles: 0 46072 46072 46072
create_mesh_from_invisible_triangles: 46072 46072 46072
 --- create_mesh_from_invisible_triangles: 0 46072 46072 46072
1
1
1
2
3
3
3
ver: 5017 colo: 5017
base[ii] 0 5017 5017
base[ii] 1 5017 5017
surf 0 0 colo: 0
base 1 5017 colo: 5017
surf 0 0 colo: 0
base 1 5017 colo: 5017
addToSurface
addToSurface
addToSurface
surf 0 0 colo: 0
base 1 6107 colo: 6107
surf 0 6107 colo: 6107
2
MRIBrainGenerator::initOctree : 0.036
SurfaceTextureGenerator::computeDistances time : 0.033 27845
Weight computation method = 2
SurfaceTextureGenerator::computeInfluences time : 0.067 0.027 0.017 0.023
MRIBrainGenerator::initOctree : 0.051
SurfaceTextureGenerator::computeDistances time : 0.036 33437
Weight computation method = 2
SurfaceTextureGenerator::computeInfluences time : 0.079 0.037 0.016 0.026
MRIBrainGenerator::initOctree : 0.047
SurfaceTextureGenerator::computeDistances time : 0.028 27861
Weight computation method = 2
SurfaceTextureGenerator::computeInfluences time : 0.075 0.031 0.013 0.031
MRIVolumeGenerator::initOctree : 0.634
SurfaceTextureGenerator::computeDistances time : 0.302 597811
Weight computation method = 2
SurfaceTextureGenerator::