
### HPB-EXPORT DEBUG FILE : ###
### 2019-6-18-12h-1m-39s###

BUILD MARS ATLAS LABELS
<nifti_image
  nifti_type = 'NIFTI-1+'
  header_filename = 'D:/UnityProjects/HiBoP/Assets/Data/IRM/MNI.nii'
  image_filename = 'D:/UnityProjects/HiBoP/Assets/Data/IRM/MNI.nii'
  image_offset = '352'
  ndim = '3'
  nx = '208'
  ny = '256'
  nz = '219'
  dx = '0.72'
  dy = '0.72'
  dz = '0.72'
  datatype = '2'
  datatype_name = 'UINT8'
  nvox = '11661312'
  nbyper = '1'
  byteorder = 'LSB_FIRST'
  cal_min = '40'
  cal_max = '120'
  scl_slope = '1'
  scl_inter = '0'
  descrip = 'spm - algebra'
  aux_file = 'none                   '
  sform_code = '1'
  sform_code_name = 'Scanner Anat'
  sto_xyz_matrix = '0.72 0 0 -75 0 0.72 0 -107 0 0 0.72 -69.5 0 0 0 1'
  sto_ijk matrix = '1.38889 0 0 104.167 0 1.38889 0 148.611 0 0 1.38889 96.5278 0 0 0 1'
  sform_i_orientation = 'Left-to-Right'
  sform_j_orientation = 'Posterior-to-Anterior'
  sform_k_orientation = 'Inferior-to-Superior'
  num_ext = '0'
/>
## NIFTI minimal info ##
Number of voxels: 11661312
Bytes per voxel: 1
Dimensions: 3 nx: 208 ny: 256 nz: 219 nt: 1 nu: 1 nv: 1 nw: 1
Grid spacings: dx: 0.720000 dy: 0.720000 dz: 0.720000 dt: 0.000000 du: 0.000000 dv: 0.000000 dw: 0.000000
Cal values: min: 40.000000 max: 120.000000

## Volume infos ##
Min: 0.000000 Max: 127.000000
Loaded cal values -> Min: 40.000000 Max: 120.000000
Recomputed cal values -> Min: 40.000000 Max: 120.000000

loadGiftiFile_Surface : D:/UnityProjects/HiBoP/Assets/Data/Meshes/MNI.trm
loadGiftiFile_Surface : D:/UnityProjects/HiBoP/Assets/Data/Meshes/MNI.trm
loadGiftiFile_Surface : D:/UnityProjects/HiBoP/Assets/Data/Meshes/MNI.trm
loadGiftiFile_Surface : D:/UnityProjects/HiBoP/Assets/Data/Meshes/MNI.trm
loadGiftiFile_Surface : D:/UnityProjects/HiBoP/Assets/Data/Meshes/MNI.trm
loadGiftiFile_Surface : D:/UnityProjects/HiBoP/Assets/Data/Meshes/MNI.trm
Clean DLLDebugManager.
