
### HPB-EXPORT DEBUG FILE : ###
### 2019-6-18-12h-11m-35s###

BUILD MARS ATLAS LABELS
<nifti_image
  nifti_type = 'NIFTI-1+'
  header_filename = 'D:/UnityProjects/HiBoP/Assets/Data/IRM/MNI.nii'
  image_filename = 'D:/UnityProjects/HiBoP/Assets/Data/IRM/MNI.nii'
  image_offset = '352'
  ndim = '3'
  nx = '208'
  ny = '256'
  nz = '219'
  dx = '0.72'
  dy = '0.72'
  dz = '0.72'
  datatype = '2'
  datatype_name = 'UINT8'
  nvox = '11661312'
  nbyper = '1'
  byteorder = 'LSB_FIRST'
  cal_min = '40'
  cal_max = '120'
  scl_slope = '1'
  scl_inter = '0'
  descrip = 'spm - algebra'
  aux_file = 'none                   '
  sform_code = '1'
  sform_code_name = 'Scanner Anat'
  sto_xyz_matrix = '0.72 0 0 -75 0 0.72 0 -107 0 0 0.72 -69.5 0 0 0 1'
  sto_ijk matrix = '1.38889 0 0 104.167 0 1.38889 0 148.611 0 0 1.38889 96.5278 0 0 0 1'
  sform_i_orientation = 'Left-to-Right'
  sform_j_orientation = 'Posterior-to-Anterior'
  sform_k_orientation = 'Inferior-to-Superior'
  num_ext = '0'
/>
## NIFTI minimal info ##
Number of voxels: 11661312
Bytes per voxel: 1
Dimensions: 3 nx: 208 ny: 256 nz: 219 nt: 1 nu: 1 nv: 1 nw: 1
Grid spacings: dx: 0.720000 dy: 0.720000 dz: 0.720000 dt: 0.000000 du: 0.000000 dv: 0.000000 dw: 0.000000
Cal values: min: 40.000000 max: 120.000000

## Volume infos ##
Min: 0.000000 Max: 127.000000
Loaded cal values -> Min: 40.000000 Max: 120.000000
Recomputed cal values -> Min: 40.000000 Max: 120.000000

loadGiftiFile_Surface : D:/UnityProjects/HiBoP/Assets/Data/Meshes/MNI.trm
loadGiftiFile_Surface : D:/UnityProjects/HiBoP/Assets/Data/Meshes/MNI.trm
loadGiftiFile_Surface : D:/UnityProjects/HiBoP/Assets/Data/Meshes/MNI.trm
loadGiftiFile_Surface : D:/UnityProjects/HiBoP/Assets/Data/Meshes/MNI.trm
loadGiftiFile_Surface : D:/UnityProjects/HiBoP/Assets/Data/Meshes/MNI.trm
loadGiftiFile_Surface : D:/UnityProjects/HiBoP/Assets/Data/Meshes/MNI.trm
loadGiftiFile_Surface : D:\Data\Patients\LYONNEURO_2018_MATc\t1mri\T1pre_2018-10-25\registration\RawT1-LYONNEURO_2018_MATc_T1pre_2018-10-25_TO_Scanner_Based.trm
seach_mars_parcel_file_and_update_colors_Surface : 
loadGiftiFile_Surface : D:\Data\Patients\LYONNEURO_2018_MATc\t1mri\T1pre_2018-10-25\registration\RawT1-LYONNEURO_2018_MATc_T1pre_2018-10-25_TO_Scanner_Based.trm
seach_mars_parcel_file_and_update_colors_Surface : 
<nifti_image
  nifti_type = 'NIFTI-1+'
  header_filename = 'D:\Data\Patients\LYONNEURO_2018_MATc\t1mri\T1pre_2018-10-25\LYONNEURO_2018_MATc.nii'
  image_filename = 'D:\Data\Patients\LYONNEURO_2018_MATc\t1mri\T1pre_2018-10-25\LYONNEURO_2018_MATc.nii'
  image_offset = '352'
  ndim = '3'
  nx = '512'
  ny = '512'
  nz = '188'
  dx = '0.46875'
  dy = '0.46875'
  dz = '0.900024'
  datatype = '4'
  datatype_name = 'INT16'
  nvox = '49283072'
  nbyper = '2'
  byteorder = 'LSB_FIRST'
  descrip = '3DT1 IRMFGADO'
  qform_code = '1'
  qform_code_name = 'Scanner Anat'
  qto_xyz_matrix = '-0.468503 -0.0113216 -0.0195279 119.67 -0.00747525 0.444052 -0.287934 -77.8653 -0.0132566 0.14972 0.8525 -81.6632 0 0 0 1'
  qto_ijk_matrix = '-2.13221 -0.0340207 -0.0603322 247.585 -0.0515256 2.02093 0.681394 219.171 -0.0241071 -0.355455 1.05241 61.1507 0 0 0 1'
  quatern_b = '-0.0101605'
  quatern_c = '0.986659'
  quatern_d = '0.161992'
  qoffset_x = '119.67'
  qoffset_y = '-77.8653'
  qoffset_z = '-81.6632'
  qfac = '-1'
  qform_i_orientation = 'Right-to-Left'
  qform_j_orientation = 'Posterior-to-Anterior'
  qform_k_orientation = 'Inferior-to-Superior'
  sform_code = '1'
  sform_code_name = 'Scanner Anat'
  sto_xyz_matrix = '-0.468503 -0.0113216 -0.0195281 119.67 -0.00747522 0.444052 -0.287933 -77.8653 -0.0132568 0.14972 0.852498 -81.6632 0 0 0 1'
  sto_ijk matrix = '-2.13221 -0.0340206 -0.0603329 247.584 -0.0515258 2.02093 0.681394 219.171 -0.0241076 -0.355456 1.05242 61.1509 0 0 0 1'
  sform_i_orientation = 'Right-to-Left'
  sform_j_orientation = 'Posterior-to-Anterior'
  sform_k_orientation = 'Inferior-to-Superior'
  num_ext = '0'
/>
## NIFTI minimal info ##
Number of voxels: 49283072
Bytes per voxel: 2
Dimensions: 3 nx: 512 ny: 512 nz: 188 nt: 1 nu: 1 nv: 1 nw: 1
Grid spacings: dx: 0.468750 dy: 0.468750 dz: 0.900024 dt: 0.000000 du: 1.000000 dv: 1.000000 dw: 1.000000
Cal values: min: 0.000000 max: 0.000000

## Volume infos ##
Min: 0.000000 Max: 3359.000000
Loaded cal values -> Min: 0.000000 Max: 3359.000000 (no values defined)
Recomputed cal values -> Min: 0.000000 Max: 1410.780029

split_to_surfaces_Surface : 28201
MRIBrainGenerator::compute_surface_color_voxel_array : 0 0.005 : nb_vertices = 28201
MRIBrainGenerator::reset : 0.006
MRIBrainGenerator::updateSurfaceTextCoordWithVolume : 0
MRIBrainGenerator::compute_surface_color_voxel_array : 0 0.006 : nb_vertices = 28582
MRIBrainGenerator::reset : 0.007
MRIBrainGenerator::updateSurfaceTextCoordWithVolume : 0
MRIBrainGenerator::compute_surface_color_voxel_array : 0 0.005 : nb_vertices = 26904
MRIBrainGenerator::reset : 0.006
MRIBrainGenerator::updateSurfaceTextCoordWithVolume : 0
MRIBrainGenerator::compute_surface_color_voxel_array : 0 0.006 : nb_vertices = 23998
MRIBrainGenerator::reset : 0.008
MRIBrainGenerator::updateSurfaceTextCoordWithVolume : 0
MRIBrainGenerator::compute_surface_color_voxel_array : 0 0.005 : nb_vertices = 27843
MRIBrainGenerator::reset : 0.008
MRIBrainGenerator::updateSurfaceTextCoordWithVolume : 0
MRIBrainGenerator::compute_surface_color_voxel_array : 0 0.007 : nb_vertices = 29103
MRIBrainGenerator::reset : 0.01
MRIBrainGenerator::updateSurfaceTextCoordWithVolume : 0
MRIBrainGenerator::compute_surface_color_voxel_array : 0 0.005 : nb_vertices = 27819
MRIBrainGenerator::reset : 0.008
MRIBrainGenerator::updateSurfaceTextCoordWithVolume : 0
MRIBrainGenerator::compute_surface_color_voxel_array : 0 0.005 : nb_vertices = 26377
MRIBrainGenerator::reset : 0.008
MRIBrainGenerator::updateSurfaceTextCoordWithVolume : 0
MRIBrainGenerator::compute_surface_color_voxel_array : 0 0.004 : nb_vertices = 24045
MRIBrainGenerator::reset : 0.006
MRIBrainGenerator::updateSurfaceTextCoordWithVolume : 0
MRIBrainGenerator::compute_surface_color_voxel_array : 0 0.008 : nb_vertices = 27724
MRIBrainGenerator::reset : 0.011
MRIBrainGenerator::updateSurfaceTextCoordWithVolume : 0.001
MRIVolumeGenerator: Size of mesh = 195819
MRIVolumeGenerator::reset : 0.502
1
1
1
1
1
1
1
1
1
1
create_mesh_from_invisible_triangles: 341670 341670 341670
 --- create_mesh_from_invisible_triangles: 0 341670 341670 341670
create_mesh_from_invisible_triangles: 34167 34167 34167
 --- create_mesh_from_invisible_triangles: 0 34167 34167 34167
create_mesh_from_invisible_triangles: 34167 34167 34167
 --- create_mesh_from_invisible_triangles: 0 34167 34167 34167
create_mesh_from_invisible_triangles: 34167 34167 34167
 --- create_mesh_from_invisible_triangles: 0 34167 34167 34167
create_mesh_from_invisible_triangles: 34167 34167 34167
 --- create_mesh_from_invisible_triangles: 0 34167 34167 34167
create_mesh_from_invisible_triangles: 34167 34167 34167
 --- create_mesh_from_invisible_triangles: 0 34167 34167 34167
create_mesh_from_invisible_triangles: 34167 34167 34167
 --- create_mesh_from_invisible_triangles: 0 34167 34167 34167
create_mesh_from_invisible_triangles: 34167 34167 34167
 --- create_mesh_from_invisible_triangles: 0 34167 34167 34167
create_mesh_from_invisible_triangles: 34167 34167 34167
 --- create_mesh_from_invisible_triangles: 0 34167 34167 34167
create_mesh_from_invisible_triangles: 34167 34167 34167
 --- create_mesh_from_invisible_triangles: 0 34167 34167 34167
create_mesh_from_invisible_triangles: 34167 34167 34167
 --- create_mesh_from_invisible_triangles: 0 34167 34167 34167
1
1
1
1
1
1
1
1
1
1
loadGiftiFile_Surface : D:\Data\Patients\LYONNEURO_2018_MATc\t1mri\T1pre_2018-10-25\registration\RawT1-LYONNEURO_2018_MATc_T1pre_2018-10-25_TO_Scanner_Based.trm
seach_mars_parcel_file_and_update_colors_Surface : D:\Data\Patients\LYONNEURO_2018_MATc\t1mri\T1pre_2018-10-25\default_analysis\segmentation\mesh\surface_analysis\LYONNEURO_2018_MATc_Lwhite_parcels_marsAtlas.gii
2
loadGiftiFile_Surface : D:\Data\Patients\LYONNEURO_2018_MATc\t1mri\T1pre_2018-10-25\registration\RawT1-LYONNEURO_2018_MATc_T1pre_2018-10-25_TO_Scanner_Based.trm
seach_mars_parcel_file_and_update_colors_Surface