This is pdfTeX, Version 3.141592653-2.6-1.40.24 (MiKTeX 22.7) (preloaded format=pdflatex 2022.9.29)  29 SEP 2022 16:38
entering extended mode
 restricted \write18 enabled.
 %&-line parsing enabled.
**./HiBoP_user_manual.tex
(HiBoP_user_manual.tex
LaTeX2e <2022-06-01> patch level 5
L3 programming layer <2022-07-04>
(C:\Users\Benjamin BONTEMPS\AppData\Local\Programs\MiKTeX\tex/latex/base\articl
e.cls
Document Class: article 2021/10/04 v1.4n Standard LaTeX document class

(C:\Users\Benjamin BONTEMPS\AppData\Local\Programs\MiKTeX\tex/latex/base\size10
.clo
File: size10.clo 2021/10/04 v1.4n Standard LaTeX file (size option)
)
\c@part=\count185
\c@section=\count186
\c@subsection=\count187
\c@subsubsection=\count188
\c@paragraph=\count189
\c@subparagraph=\count190
\c@figure=\count191
\c@table=\count192
\abovecaptionskip=\skip47
\belowcaptionskip=\skip48
\bibindent=\dimen138
)
(C:\Users\Benjamin BONTEMPS\AppData\Local\Programs\MiKTeX\tex/latex/base\inpute
nc.sty
Package: inputenc 2021/02/14 v1.3d Input encoding file
\inpenc@prehook=\toks16
\inpenc@posthook=\toks17
)
(C:\Users\Benjamin BONTEMPS\AppData\Local\Programs\MiKTeX\tex/latex/base\fonten
c.sty
Package: fontenc 2021/04/29 v2.0v Standard LaTeX package
)
(C:\Users\Benjamin BONTEMPS\AppData\Local\Programs\MiKTeX\tex/latex/lm\lmodern.
sty
Package: lmodern 2015/05/01 v1.6.1 Latin Modern Fonts
LaTeX Font Info:    Overwriting symbol font `operators' in version `normal'
(Font)                  OT1/cmr/m/n --> OT1/lmr/m/n on input line 22.
LaTeX Font Info:    Overwriting symbol font `letters' in version `normal'
(Font)                  OML/cmm/m/it --> OML/lmm/m/it on input line 23.
LaTeX Font Info:    Overwriting symbol font `symbols' in version `normal'
(Font)                  OMS/cmsy/m/n --> OMS/lmsy/m/n on input line 24.
LaTeX Font Info:    Overwriting symbol font `largesymbols' in version `normal'
(Font)                  OMX/cmex/m/n --> OMX/lmex/m/n on input line 25.
LaTeX Font Info:    Overwriting symbol font `operators' in version `bold'
(Font)                  OT1/cmr/bx/n --> OT1/lmr/bx/n on input line 26.
LaTeX Font Info:    Overwriting symbol font `letters' in version `bold'
(Font)                  OML/cmm/b/it --> OML/lmm/b/it on input line 27.
LaTeX Font Info:    Overwriting symbol font `symbols' in version `bold'
(Font)                  OMS/cmsy/b/n --> OMS/lmsy/b/n on input line 28.
LaTeX Font Info:    Overwriting symbol font `largesymbols' in version `bold'
(Font)                  OMX/cmex/m/n --> OMX/lmex/m/n on input line 29.
LaTeX Font Info:    Overwriting math alphabet `\mathbf' in version `normal'
(Font)                  OT1/cmr/bx/n --> OT1/lmr/bx/n on input line 31.
LaTeX Font Info:    Overwriting math alphabet `\mathsf' in version `normal'
(Font)                  OT1/cmss/m/n --> OT1/lmss/m/n on input line 32.
LaTeX Font Info:    Overwriting math alphabet `\mathit' in version `normal'
(Font)                  OT1/cmr/m/it --> OT1/lmr/m/it on input line 33.
LaTeX Font Info:    Overwriting math alphabet `\mathtt' in version `normal'
(Font)                  OT1/cmtt/m/n --> OT1/lmtt/m/n on input line 34.
LaTeX Font Info:    Overwriting math alphabet `\mathbf' in version `bold'
(Font)                  OT1/cmr/bx/n --> OT1/lmr/bx/n on input line 35.
LaTeX Font Info:    Overwriting math alphabet `\mathsf' in version `bold'
(Font)                  OT1/cmss/bx/n --> OT1/lmss/bx/n on input line 36.
LaTeX Font Info:    Overwriting math alphabet `\mathit' in version `bold'
(Font)                  OT1/cmr/bx/it --> OT1/lmr/bx/it on input line 37.
LaTeX Font Info:    Overwriting math alphabet `\mathtt' in version `bold'
(Font)                  OT1/cmtt/m/n --> OT1/lmtt/m/n on input line 38.
)
(C:\Users\Benjamin BONTEMPS\AppData\Local\Programs\MiKTeX\tex/latex/listings\li
stings.sty
(C:\Users\Benjamin BONTEMPS\AppData\Local\Programs\MiKTeX\tex/latex/graphics\ke
yval.sty
Package: keyval 2022/05/29 v1.15 key=value parser (DPC)
\KV@toks@=\toks18
)
\lst@mode=\count193
\lst@gtempboxa=\box51
\lst@token=\toks19
\lst@length=\count194
\lst@currlwidth=\dimen139
\lst@column=\count195
\lst@pos=\count196
\lst@lostspace=\dimen140
\lst@width=\dimen141
\lst@newlines=\count197
\lst@lineno=\count198
\lst@maxwidth=\dimen142

(C:\Users\Benjamin BONTEMPS\AppData\Local\Programs\MiKTeX\tex/latex/listings\ls
tmisc.sty
File: lstmisc.sty 2020/03/24 1.8d (Carsten Heinz)
\c@lstnumber=\count199
\lst@skipnumbers=\count266
\lst@framebox=\box52
)
(C:\Users\Benjamin BONTEMPS\AppData\Local\Programs\MiKTeX\tex/latex/listings\li
stings.cfg
File: listings.cfg 2020/03/24 1.8d listings configuration
))
Package: listings 2020/03/24 1.8d (Carsten Heinz)

(C:\Users\Benjamin BONTEMPS\AppData\Local\Programs\MiKTeX\tex/latex/graphics\gr
aphicx.sty
Package: graphicx 2021/09/16 v1.2d Enhanced LaTeX Graphics (DPC,SPQR)

(C:\Users\Benjamin BONTEMPS\AppData\Local\Programs\MiKTeX\tex/latex/graphics\gr
aphics.sty
Package: graphics 2022/03/10 v1.4e Standard LaTeX Graphics (DPC,SPQR)

(C:\Users\Benjamin BONTEMPS\AppData\Local\Programs\MiKTeX\tex/latex/graphics\tr
ig.sty
Package: trig 2021/08/11 v1.11 sin cos tan (DPC)
)
(C:\Users\Benjamin BONTEMPS\AppData\Local\Programs\MiKTeX\tex/latex/graphics-cf
g\graphics.cfg
File: graphics.cfg 2016/06/04 v1.11 sample graphics configuration
)
Package graphics Info: Driver file: pdftex.def on input line 107.

(C:\Users\Benjamin BONTEMPS\AppData\Local\Programs\MiKTeX\tex/latex/graphics-de
f\pdftex.def
File: pdftex.def 2020/10/05 v1.2a Graphics/color driver for pdftex
))
\Gin@req@height=\dimen143
\Gin@req@width=\dimen144
)
(C:\Users\Benjamin BONTEMPS\AppData\Local\Programs\MiKTeX\tex/latex/dirtree\dir
tree.sty
Package: dirtree 2012/12/11 v0.32 package wrapper for dirtree

(C:\Users\Benjamin BONTEMPS\AppData\Local\Programs\MiKTeX\tex/generic/dirtree\d
irtree.tex `dirtree' v0.32, 2012/12/11 (jcc)
\DT@offset=\dimen145
\DT@width=\dimen146
\DT@sep=\dimen147
\DT@all=\dimen148
\DT@rulewidth=\dimen149
\DT@dotwidth=\dimen150
\DTbaselineskip=\dimen151
\DT@counti=\count267
\DT@countii=\count268
\DT@countiii=\count269
\DT@countiv=\count270
\DT@indent=\dimen152
\DT@parskip=\dimen153
\DT@baselineskip=\dimen154
)
File: dirtree.tex 2012/12/11 v0.32 `dirtree' (jcc)
)
(C:\Users\Benjamin BONTEMPS\AppData\Local\Programs\MiKTeX\tex/latex/caption\cap
tion.sty
Package: caption 2022/03/01 v3.6b Customizing captions (AR)

(C:\Users\Benjamin BONTEMPS\AppData\Local\Programs\MiKTeX\tex/latex/caption\cap
tion3.sty
Package: caption3 2022/03/17 v2.3b caption3 kernel (AR)
\caption@tempdima=\dimen155
\captionmargin=\dimen156
\caption@leftmargin=\dimen157
\caption@rightmargin=\dimen158
\caption@width=\dimen159
\caption@indent=\dimen160
\caption@parindent=\dimen161
\caption@hangindent=\dimen162
Package caption Info: Standard document class detected.
)
\c@caption@flags=\count271
\c@continuedfloat=\count272
Package caption Info: listings package is loaded.
)
(C:\Users\Benjamin BONTEMPS\AppData\Local\Programs\MiKTeX\tex/latex/caption\sub
caption.sty
Package: subcaption 2022/01/07 v1.5 Sub-captions (AR)
\c@subfigure=\count273
\c@subtable=\count274
)
(C:\Users\Benjamin BONTEMPS\AppData\Local\Programs\MiKTeX\tex/latex/float\float
.sty
Package: float 2001/11/08 v1.3d Float enhancements (AL)
\c@float@type=\count275
\float@exts=\toks20
\float@box=\box53
\@float@everytoks=\toks21
\@floatcapt=\box54
)
(C:\Users\Benjamin BONTEMPS\AppData\Local\Programs\MiKTeX\tex/generic/babel\bab
el.sty
Package: babel 2022/06/26 3.77 The Babel package
\babel@savecnt=\count276
\U@D=\dimen163
\l@unhyphenated=\language79

(C:\Users\Benjamin BONTEMPS\AppData\Local\Programs\MiKTeX\tex/generic/babel\txt
babel.def)
\bbl@readstream=\read2
\bbl@dirlevel=\count277

*************************************
* Local config file bblopts.cfg used
*

(C:\Users\Benjamin BONTEMPS\AppData\Local\Programs\MiKTeX\tex/latex/arabi\bblop
ts.cfg
File: bblopts.cfg 2005/09/08 v0.1 add Arabic and Farsi to "declared" options of
 babel
)
(C:\Users\Benjamin BONTEMPS\AppData\Local\Programs\MiKTeX\tex/latex/babel-engli
sh\english.ldf
Language: english 2017/06/06 v3.3r English support from the babel system
Package babel Info: Hyphen rules for 'canadian' set to \l@english
(babel)             (\language0). Reported on input line 102.
Package babel Info: Hyphen rules for 'australian' set to \l@ukenglish
(babel)             (\language73). Reported on input line 105.
Package babel Info: Hyphen rules for 'newzealand' set to \l@ukenglish
(babel)             (\language73). Reported on input line 108.
))
(C:\Users\Benjamin BONTEMPS\AppData\Local\Programs\MiKTeX\tex/generic/babel/loc
ale/en\babel-english.tex
Package babel Info: Importing font and identification data for english
(babel)             from babel-en.ini. Reported on input line 11.
)
(C:\Users\Benjamin BONTEMPS\AppData\Local\Programs\MiKTeX\tex/latex/geometry\ge
ometry.sty
Package: geometry 2020/01/02 v5.9 Page Geometry

(C:\Users\Benjamin BONTEMPS\AppData\Local\Programs\MiKTeX\tex/generic/iftex\ifv
tex.sty
Package: ifvtex 2019/10/25 v1.7 ifvtex legacy package. Use iftex instead.

(C:\Users\Benjamin BONTEMPS\AppData\Local\Programs\MiKTeX\tex/generic/iftex\ift
ex.sty
Package: iftex 2022/02/03 v1.0f TeX engine tests
))
\Gm@cnth=\count278
\Gm@cntv=\count279
\c@Gm@tempcnt=\count280
\Gm@bindingoffset=\dimen164
\Gm@wd@mp=\dimen165
\Gm@odd@mp=\dimen166
\Gm@even@mp=\dimen167
\Gm@layoutwidth=\dimen168
\Gm@layoutheight=\dimen169
\Gm@layouthoffset=\dimen170
\Gm@layoutvoffset=\dimen171
\Gm@dimlist=\toks22

(C:\Users\Benjamin BONTEMPS\AppData\Local\Programs\MiKTeX\tex/latex/geometry\ge
ometry.cfg))
LaTeX Font Info:    Trying to load font information for T1+lmr on input line 20
.

(C:\Users\Benjamin BONTEMPS\AppData\Local\Programs\MiKTeX\tex/latex/lm\t1lmr.fd
File: t1lmr.fd 2015/05/01 v1.6.1 Font defs for Latin Modern
)
(C:\Users\Benjamin BONTEMPS\AppData\Local\Programs\MiKTeX\tex/latex/l3backend\l
3backend-pdftex.def
File: l3backend-pdftex.def 2022-07-01 L3 backend support: PDF output (pdfTeX)
\l__color_backend_stack_int=\count281
\l__pdf_internal_box=\box55
) (HiBoP_user_manual.aux)
\openout1 = `HiBoP_user_manual.aux'.

LaTeX Font Info:    Checking defaults for OML/cmm/m/it on input line 20.
LaTeX Font Info:    ... okay on input line 20.
LaTeX Font Info:    Checking defaults for OMS/cmsy/m/n on input line 20.
LaTeX Font Info:    ... okay on input line 20.
LaTeX Font Info:    Checking defaults for OT1/cmr/m/n on input line 20.
LaTeX Font Info:    ... okay on input line 20.
LaTeX Font Info:    Checking defaults for T1/cmr/m/n on input line 20.
LaTeX Font Info:    ... okay on input line 20.
LaTeX Font Info:    Checking defaults for TS1/cmr/m/n on input line 20.
LaTeX Font Info:    ... okay on input line 20.
LaTeX Font Info:    Checking defaults for OMX/cmex/m/n on input line 20.
LaTeX Font Info:    ... okay on input line 20.
LaTeX Font Info:    Checking defaults for U/cmr/m/n on input line 20.
LaTeX Font Info:    ... okay on input line 20.
\c@lstlisting=\count282

(C:\Users\Benjamin BONTEMPS\AppData\Local\Programs\MiKTeX\tex/context/base/mkii
\supp-pdf.mkii
[Loading MPS to PDF converter (version 2006.09.02).]
\scratchcounter=\count283
\scratchdimen=\dimen172
\scratchbox=\box56
\nofMPsegments=\count284
\nofMParguments=\count285
\everyMPshowfont=\toks23
\MPscratchCnt=\count286
\MPscratchDim=\dimen173
\MPnumerator=\count287
\makeMPintoPDFobject=\count288
\everyMPtoPDFconversion=\toks24
)
(C:\Users\Benjamin BONTEMPS\AppData\Local\Programs\MiKTeX\tex/latex/epstopdf-pk
g\epstopdf-base.sty
Package: epstopdf-base 2020-01-24 v2.11 Base part for package epstopdf
Package epstopdf-base Info: Redefining graphics rule for `.eps' on input line 4
85.

(C:\Users\Benjamin BONTEMPS\AppData\Local\Programs\MiKTeX\tex/latex/00miktex\ep
stopdf-sys.cfg
File: epstopdf-sys.cfg 2021/03/18 v2.0 Configuration of epstopdf for MiKTeX
))
Package caption Info: Begin \AtBeginDocument code.
Package caption Info: float package is loaded.
Package caption Info: End \AtBeginDocument code.

*geometry* driver: auto-detecting
*geometry* detected driver: pdftex
*geometry* verbose mode - [ preamble ] result:
* driver: pdftex
* paper: a4paper
* layout: <same size as paper>
* layoutoffset:(h,v)=(0.0pt,0.0pt)
* modes: 
* h-part:(L,W,R)=(79.49744pt, 438.513pt, 79.49744pt)
* v-part:(T,H,B)=(79.49744pt, 686.05197pt, 79.49744pt)
* \paperwidth=597.50787pt
* \paperheight=845.04684pt
* \textwidth=438.513pt
* \textheight=686.05197pt
* \oddsidemargin=7.22745pt
* \evensidemargin=7.22745pt
* \topmargin=-29.77255pt
* \headheight=12.0pt
* \headsep=25.0pt
* \topskip=10.0pt
* \footskip=30.0pt
* \marginparwidth=57.0pt
* \marginparsep=11.0pt
* \columnsep=10.0pt
* \skip\footins=9.0pt plus 4.0pt minus 2.0pt
* \hoffset=0.0pt
* \voffset=0.0pt
* \mag=1000
* \@twocolumnfalse
* \@twosidefalse
* \@mparswitchfalse
* \@reversemarginfalse
* (1in=72.27pt=25.4mm, 1cm=28.453pt)

LaTeX Font Info:    Trying to load font information for OT1+lmr on input line 2
1.

(C:\Users\Benjamin BONTEMPS\AppData\Local\Programs\MiKTeX\tex/latex/lm\ot1lmr.f
d
File: ot1lmr.fd 2015/05/01 v1.6.1 Font defs for Latin Modern
)
LaTeX Font Info:    Trying to load font information for OML+lmm on input line 2
1.

(C:\Users\Benjamin BONTEMPS\AppData\Local\Programs\MiKTeX\tex/latex/lm\omllmm.f
d
File: omllmm.fd 2015/05/01 v1.6.1 Font defs for Latin Modern
)
LaTeX Font Info:    Trying to load font information for OMS+lmsy on input line 
21.

(C:\Users\Benjamin BONTEMPS\AppData\Local\Programs\MiKTeX\tex/latex/lm\omslmsy.
fd
File: omslmsy.fd 2015/05/01 v1.6.1 Font defs for Latin Modern
)
LaTeX Font Info:    Trying to load font information for OMX+lmex on input line 
21.

(C:\Users\Benjamin BONTEMPS\AppData\Local\Programs\MiKTeX\tex/latex/lm\omxlmex.
fd
File: omxlmex.fd 2015/05/01 v1.6.1 Font defs for Latin Modern
)
LaTeX Font Info:    External font `lmex10' loaded for size
(Font)              <12> on input line 21.
LaTeX Font Info:    External font `lmex10' loaded for size
(Font)              <8> on input line 21.
LaTeX Font Info:    External font `lmex10' loaded for size
(Font)              <6> on input line 21.
 (HiBoP_user_manual.toc
LaTeX Font Info:    External font `lmex10' loaded for size
(Font)              <10> on input line 5.
LaTeX Font Info:    External font `lmex10' loaded for size
(Font)              <7> on input line 5.
LaTeX Font Info:    External font `lmex10' loaded for size
(Font)              <5> on input line 5.
 [1

{C:/Users/Benjamin BONTEMPS/AppData/Local/MiKTeX/fonts/map/pdftex/pdftex.map}])
\tf@toc=\write3
\openout3 = `HiBoP_user_manual.toc'.

LaTeX Font Info:    Trying to load font information for T1+lmtt on input line 5
2.

(C:\Users\Benjamin BONTEMPS\AppData\Local\Programs\MiKTeX\tex/latex/lm\t1lmtt.f
d
File: t1lmtt.fd 2015/05/01 v1.6.1 Font defs for Latin Modern
) [2] [3]
LaTeX Font Info:    Trying to load font information for TS1+lmr on input line 7
2.

(C:\Users\Benjamin BONTEMPS\AppData\Local\Programs\MiKTeX\tex/latex/lm\ts1lmr.f
d
File: ts1lmr.fd 2015/05/01 v1.6.1 Font defs for Latin Modern
)
<Preferences.png, id=24, 602.25pt x 602.25pt>
File: Preferences.png Graphic file (type png)
<use Preferences.png>
Package pdftex.def Info: Preferences.png  used on input line 86.
(pdftex.def)             Requested size: 301.12425pt x 301.12425pt.
 [4] [5 <./Preferences.png (PNG copy)>] [6]
<NewProject.png, id=41, 567.11874pt x 220.825pt>
File: NewProject.png Graphic file (type png)
<use NewProject.png>
Package pdftex.def Info: NewProject.png  used on input line 228.
(pdftex.def)             Requested size: 283.55867pt x 110.41222pt.
<OpenProject.png, id=42, 501.875pt x 314.17375pt>
File: OpenProject.png Graphic file (type png)
<use OpenProject.png>
Package pdftex.def Info: OpenProject.png  used on input line 235.
(pdftex.def)             Requested size: 250.93687pt x 157.08649pt.
 [7 <./NewProject.png (PNG copy)>]
<SaveAs.png, id=47, 567.11874pt x 168.63pt>
File: SaveAs.png Graphic file (type png)
<use SaveAs.png>
Package pdftex.def Info: SaveAs.png  used on input line 242.
(pdftex.def)             Requested size: 283.55867pt x 84.31479pt.
<PatientGestion.png, id=48, 547.04375pt x 310.15875pt>
File: PatientGestion.png Graphic file (type png)
<use PatientGestion.png>
Package pdftex.def Info: PatientGestion.png  used on input line 251.
(pdftex.def)             Requested size: 273.5212pt x 155.079pt.
[8 <./OpenProject.png (PNG copy)> <./SaveAs.png (PNG copy)>]
<PatientModifier.png, id=52, 501.875pt x 447.6725pt>
File: PatientModifier.png Graphic file (type png)
<use PatientModifier.png>
Package pdftex.def Info: PatientModifier.png  used on input line 258.
(pdftex.def)             Requested size: 250.93687pt x 223.8357pt.
<GroupGestion.png, id=53, 501.875pt x 288.07625pt>
File: GroupGestion.png Graphic file (type png)
<use GroupGestion.png>
Package pdftex.def Info: GroupGestion.png  used on input line 265.
(pdftex.def)             Requested size: 250.93687pt x 144.03777pt.
<GroupModifier.png, id=54, 547.04375pt x 369.38pt>
File: GroupModifier.png Graphic file (type png)
<use GroupModifier.png>
Package pdftex.def Info: GroupModifier.png  used on input line 271.
(pdftex.def)             Requested size: 273.5212pt x 184.68954pt.
 [9 <./PatientGestion.png (PNG copy)> <./PatientModifier.png (PNG copy)>]
<ProtocolGestion.png, id=58, 501.875pt x 288.07625pt>
File: ProtocolGestion.png Graphic file (type png)
<use ProtocolGestion.png>
Package pdftex.def Info: ProtocolGestion.png  used on input line 279.
(pdftex.def)             Requested size: 250.93687pt x 144.03777pt.
 [10 <./GroupGestion.png (PNG copy)> <./GroupModifier.png (PNG copy)>]
<ProtocolModifier.png, id=62, 501.875pt x 399.4925pt>
File: ProtocolModifier.png Graphic file (type png)
<use ProtocolModifier.png>
Package pdftex.def Info: ProtocolModifier.png  used on input line 286.
(pdftex.def)             Requested size: 250.93687pt x 199.74576pt.
<BlocModifier.png, id=63, 543.02875pt x 396.48125pt>
File: BlocModifier.png Graphic file (type png)
<use BlocModifier.png>
Package pdftex.def Info: BlocModifier.png  used on input line 293.
(pdftex.def)             Requested size: 271.5137pt x 198.24013pt.
<SubBlocModifier.png, id=64, 471.7625pt x 473.77pt>
File: SubBlocModifier.png Graphic file (type png)
<use SubBlocModifier.png>
Package pdftex.def Info: SubBlocModifier.png  used on input line 299.
(pdftex.def)             Requested size: 235.88066pt x 236.88441pt.
 [11 <./ProtocolGestion.png (PNG copy)> <./ProtocolModifier.png (PNG copy)>]
<DatasetGestion.png, id=68, 501.875pt x 288.07625pt>
File: DatasetGestion.png Graphic file (type png)
<use DatasetGestion.png>
Package pdftex.def Info: DatasetGestion.png  used on input line 306.
(pdftex.def)             Requested size: 250.93687pt x 144.03777pt.
 [12 <./BlocModifier.png (PNG copy)> <./SubBlocModifier.png (PNG copy)>]
<DatasetModifier.png, id=72, 501.875pt x 395.4775pt>
File: DatasetModifier.png Graphic file (type png)
<use DatasetModifier.png>
Package pdftex.def Info: DatasetModifier.png  used on input line 313.
(pdftex.def)             Requested size: 250.93687pt x 197.73827pt.
<DataInfoModifier.png, id=73, 501.875pt x 354.32375pt>
File: DataInfoModifier.png Graphic file (type png)
<use DataInfoModifier.png>
Package pdftex.def Info: DataInfoModifier.png  used on input line 321.
(pdftex.def)             Requested size: 250.93687pt x 177.16144pt.
 [13 <./DatasetGestion.png (PNG copy)> <./DatasetModifier.png (PNG copy)>]
<VisualizationGestion.png, id=78, 501.875pt x 288.07625pt>
File: VisualizationGestion.png Graphic file (type png)
<use VisualizationGestion.png>
Package pdftex.def Info: VisualizationGestion.png  used on input line 329.
(pdftex.def)             Requested size: 250.93687pt x 144.03777pt.
<VisualizationModifier.png, id=79, 552.0625pt x 591.20876pt>
File: VisualizationModifier.png Graphic file (type png)
<use VisualizationModifier.png>
Package pdftex.def Info: VisualizationModifier.png  used on input line 336.
(pdftex.def)             Requested size: 220.82108pt x 236.47931pt.
 [14 <./DataInfoModifier.png (PNG copy)> <./VisualizationGestion.png (PNG copy)
>]
<GlobalUI.png, id=83, 1494.33281pt x 876.27374pt>
File: GlobalUI.png Graphic file (type png)
<use GlobalUI.png>
Package pdftex.def Info: GlobalUI.png  used on input line 345.
(pdftex.def)             Requested size: 328.75424pt x 192.7808pt.
 [15 <./VisualizationModifier.png (PNG copy)> <./GlobalUI.png>]
<ToolbarSelector.png, id=89, 28.60687pt x 198.7425pt>
File: ToolbarSelector.png Graphic file (type png)
<use ToolbarSelector.png>
Package pdftex.def Info: ToolbarSelector.png  used on input line 373.
(pdftex.def)             Requested size: 25.46002pt x 176.88025pt.
<Cut.png, id=90, 202.50656pt x 272.51813pt>
File: Cut.png Graphic file (type png)
<use Cut.png>
Package pdftex.def Info: Cut.png  used on input line 394.
(pdftex.def)             Requested size: 101.25302pt x 136.25873pt.
 [16 <./ToolbarSelector.png>]
<SitesList.png, id=95, 222.8325pt x 277.035pt>
File: SitesList.png Graphic file (type png)
<use SitesList.png>
Package pdftex.def Info: SitesList.png  used on input line 402.
(pdftex.def)             Requested size: 111.41597pt x 138.51715pt.
 [17 <./Cut.png> <./SitesList.png>]
<BasicStates.png, id=101, 222.07968pt x 452.4403pt>
File: BasicStates.png Graphic file (type png)
<use BasicStates.png>
Package pdftex.def Info: BasicStates.png  used on input line 419.
(pdftex.def)             Requested size: 111.03957pt x 226.2196pt.
<SitesAction.png, id=102, 331.99031pt x 179.92218pt>
File: SitesAction.png Graphic file (type png)
<use SitesAction.png>
Package pdftex.def Info: SitesAction.png  used on input line 425.
(pdftex.def)             Requested size: 165.99474pt x 89.96086pt.
<SceneSettings.png, id=103, 808.52063pt x 22.58438pt>
File: SceneSettings.png Graphic file (type png)
<use SceneSettings.png>
Package pdftex.def Info: SceneSettings.png  used on input line 433.
(pdftex.def)             Requested size: 404.25932pt x 11.29214pt.
 [18 <./BasicStates.png> <./SitesAction.png> <./SceneSettings.png>]
<DisplaySettings.png, id=110, 238.64156pt x 27.85406pt>
File: DisplaySettings.png Graphic file (type png)
<use DisplaySettings.png>
Package pdftex.def Info: DisplaySettings.png  used on input line 452.
(pdftex.def)             Requested size: 119.32048pt x 13.92699pt.
<ActivitySettings.png, id=111, 140.02313pt x 23.33719pt>
File: ActivitySettings.png Graphic file (type png)
<use ActivitySettings.png>
Package pdftex.def Info: ActivitySettings.png  used on input line 470.
(pdftex.def)             Requested size: 70.01138pt x 11.66855pt.
<iEEGSettings.png, id=112, 306.39468pt x 23.33719pt>
File: iEEGSettings.png Graphic file (type png)
<use iEEGSettings.png>
Package pdftex.def Info: iEEGSettings.png  used on input line 481.
(pdftex.def)             Requested size: 153.19696pt x 11.66855pt.
 [19 <./DisplaySettings.png> <./ActivitySettings.png>]
<CCEPSettings.png, id=119, 459.96844pt x 22.58438pt>
File: CCEPSettings.png Graphic file (type png)
<use CCEPSettings.png>
Package pdftex.def Info: CCEPSettings.png  used on input line 492.
(pdftex.def)             Requested size: 229.98366pt x 11.29214pt.
<fMRISettings.png, id=120, 223.58531pt x 24.84282pt>
File: fMRISettings.png Graphic file (type png)
<use fMRISettings.png>
Package pdftex.def Info: fMRISettings.png  used on input line 505.
(pdftex.def)             Requested size: 111.79237pt x 12.42137pt.
<Timeline.png, id=121, 1445.4pt x 24.84282pt>
File: Timeline.png Graphic file (type png)
<use Timeline.png>
Package pdftex.def Info: Timeline.png  used on input line 515.
(pdftex.def)             Requested size: 433.62335pt x 7.4529pt.
<Sites.png, id=122, 630.10406pt x 33.87656pt>
File: Sites.png Graphic file (type png)
<use Sites.png>
Package pdftex.def Info: Sites.png  used on input line 529.
(pdftex.def)             Requested size: 315.05125pt x 16.93823pt.
 [20 <./iEEGSettings.png> <./CCEPSettings.png> <./fMRISettings.png> <./Timeline
.png>]
<ROI.png, id=130, 508.14844pt x 27.85406pt>
File: ROI.png Graphic file (type png)
<use ROI.png>
Package pdftex.def Info: ROI.png  used on input line 550.
(pdftex.def)             Requested size: 254.0736pt x 13.92699pt.
<Atlas.png, id=131, 779.16093pt x 28.60687pt>
File: Atlas.png Graphic file (type png)
<use Atlas.png>
Package pdftex.def Info: Atlas.png  used on input line 568.
(pdftex.def)             Requested size: 389.57951pt x 14.30339pt.
 [21 <./Sites.png> <./ROI.png>]
<TriEraser.png, id=137, 186.6975pt x 27.10126pt>
File: TriEraser.png Graphic file (type png)
<use TriEraser.png>
Package pdftex.def Info: TriEraser.png  used on input line 580.
(pdftex.def)             Requested size: 93.34851pt x 13.55058pt.
<Configuration.png, id=138, 127.22531pt x 32.37094pt>
File: Configuration.png Graphic file (type png)
<use Configuration.png>
Package pdftex.def Info: Configuration.png  used on input line 595.
(pdftex.def)             Requested size: 63.61249pt x 16.18542pt.
<Graph.png, id=139, 901.3675pt x 525.965pt>
File: Graph.png Graphic file (type png)
<use Graph.png>
Package pdftex.def Info: Graph.png  used on input line 604.
(pdftex.def)             Requested size: 315.48334pt x 184.0905pt.
 [22 <./Atlas.png> <./TriEraser.png> <./Configuration.png>]
<TrialMatrix.png, id=146, 879.285pt x 708.6475pt>
File: TrialMatrix.png Graphic file (type png)
<use TrialMatrix.png>
Package pdftex.def Info: TrialMatrix.png  used on input line 624.
(pdftex.def)             Requested size: 307.75436pt x 248.03033pt.
 [23 <./Graph.png (PNG copy)>]
<Grid.png, id=150, 410.2828pt x 622.57594pt>
File: Grid.png Graphic file (type png)
<use Grid.png>
Package pdftex.def Info: Grid.png  used on input line 637.
(pdftex.def)             Requested size: 184.62555pt x 280.15659pt.
 [24 <./TrialMatrix.png>] [25 <./Grid.png>]
Overfull \hbox (17.62502pt too wide) in paragraph at lines 667--668
 [] \T1/lmr/m/n/10 More in-for-ma-tion about this al-go-rithm can be found at h
ttps://www.jneurosci.org/content/32/19/6421. 
 []

[26] (HiBoP_user_manual.aux) ) 
Here is how much of TeX's memory you used:
 6615 strings out of 478338
 114831 string characters out of 2831000
 425047 words of memory out of 3000000
 24922 multiletter control sequences out of 15000+600000
 535534 words of font info for 64 fonts, out of 8000000 for 9000
 1141 hyphenation exceptions out of 8191
 55i,9n,63p,1031b,361s stack positions out of 10000i,1000n,20000p,200000b,80000s
{C:/Users/Benjamin BONTEMPS/AppData/Local/Program
s/MiKTeX/fonts/enc/dvips/lm/lm-rm.enc}{C:/Users/Benjamin BONTEMPS/AppData/Local
/Programs/MiKTeX/fonts/enc/dvips/lm/lm-mathsy.enc}{C:/Users/Benjamin BONTEMPS/A
ppData/Local/Programs/MiKTeX/fonts/enc/dvips/lm/lm-mathit.enc}{C:/Users/Benjami
n BONTEMPS/AppData/Local/Programs/MiKTeX/fonts/enc/dvips/lm/lm-ts1.enc}{C:/User
s/Benjamin BONTEMPS/AppData/Local/Programs/MiKTeX/fonts/enc/dvips/lm/lm-ec.enc}
<C:/Users/Benjamin BONTEMPS/AppData/Local/Programs/MiKTeX/fonts/type1/public/lm
/lmbx10.pfb><C:/Users/Benjamin BONTEMPS/AppData/Local/Programs/MiKTeX/fonts/typ
e1/public/lm/lmbx12.pfb><C:/Users/Benjamin BONTEMPS/AppData/Local/Programs/MiKT
eX/fonts/type1/public/lm/lmbx9.pfb><C:/Users/Benjamin BONTEMPS/AppData/Local/Pr
ograms/MiKTeX/fonts/type1/public/lm/lmcsc10.pfb><C:/Users/Benjamin BONTEMPS/App
Data/Local/Programs/MiKTeX/fonts/type1/public/lm/lmmi10.pfb><C:/Users/Benjamin 
BONTEMPS/AppData/Local/Programs/MiKTeX/fonts/type1/public/lm/lmmi7.pfb><C:/User
s/Benjamin BONTEMPS/AppData/Local/Programs/MiKTeX/fonts/type1/public/lm/lmr10.p
fb><C:/Users/Benjamin BONTEMPS/AppData/Local/Programs/MiKTeX/fonts/type1/public
/lm/lmr12.pfb><C:/Users/Benjamin BONTEMPS/AppData/Local/Programs/MiKTeX/fonts/t
ype1/public/lm/lmr17.pfb><C:/Users/Benjamin BONTEMPS/AppData/Local/Programs/MiK
TeX/fonts/type1/public/lm/lmr6.pfb><C:/Users/Benjamin BONTEMPS/AppData/Local/Pr
ograms/MiKTeX/fonts/type1/public/lm/lmr7.pfb><C:/Users/Benjamin BONTEMPS/AppDat
a/Local/Programs/MiKTeX/fonts/type1/public/lm/lmr8.pfb><C:/Users/Benjamin BONTE
MPS/AppData/Local/Programs/MiKTeX/fonts/type1/public/lm/lmr9.pfb><C:/Users/Benj
amin BONTEMPS/AppData/Local/Programs/MiKTeX/fonts/type1/public/lm/lmri10.pfb><C
:/Users/Benjamin BONTEMPS/AppData/Local/Programs/MiKTeX/fonts/type1/public/lm/l
msy10.pfb><C:/Users/Benjamin BONTEMPS/AppData/Local/Programs/MiKTeX/fonts/type1
/public/lm/lmsy7.pfb><C:/Users/Benjamin BONTEMPS/AppData/Local/Programs/MiKTeX/
fonts/type1/public/lm/lmtt10.pfb>
Output written on HiBoP_user_manual.pdf (26 pages, 2423233 bytes).
PDF statistics:
 244 PDF objects out of 1000 (max. 8388607)
 0 named destinations out of 1000 (max. 500000)
 191 words of extra memory for PDF output out of 10000 (max. 10000000)

